<?xml version="1.0" encoding="UTF-8"?>
<testng-results ignored="0" total="1" passed="1" failed="0" skipped="0">
  <reporter-output>
  </reporter-output>
  <suite started-at="2021-07-22T08:22:05Z" name="Suite" finished-at="2021-07-22T08:23:13Z" duration-ms="67948">
    <groups>
    </groups>
    <test started-at="2021-07-22T08:22:05Z" name="Test" finished-at="2021-07-22T08:23:13Z" duration-ms="67948">
      <class name="com.Flipkart.Runner.FlipkartMobileRunner">
        <test-method is-config="true" signature="setUp()[pri:0, instance:com.Flipkart.Runner.FlipkartMobileRunner@229d10bd]" started-at="2021-07-22T08:22:05Z" name="setUp" finished-at="2021-07-22T08:22:06Z" duration-ms="681" status="PASS">
          <reporter-output>
          </reporter-output>
        </test-method> <!-- setUp -->
        <test-method signature="features(cucumber.api.testng.CucumberFeatureWrapper)[pri:0, instance:com.Flipkart.Runner.FlipkartMobileRunner@229d10bd]" started-at="2021-07-22T08:22:06Z" name="features" data-provider="features" finished-at="2021-07-22T08:23:13Z" duration-ms="66593" status="PASS">
          <params>
            <param index="0">
              <value>
                <![CDATA[Mobile Price validation]]>
              </value>
            </param>
          </params>
          <reporter-output>
          </reporter-output>
        </test-method> <!-- features -->
        <test-method is-config="true" signature="tearDownClass()[pri:0, instance:com.Flipkart.Runner.FlipkartMobileRunner@229d10bd]" started-at="2021-07-22T08:23:13Z" name="tearDownClass" finished-at="2021-07-22T08:23:13Z" duration-ms="332" status="PASS">
          <reporter-output>
          </reporter-output>
        </test-method> <!-- tearDownClass -->
      </class> <!-- com.Flipkart.Runner.FlipkartMobileRunner -->
    </test> <!-- Test -->
  </suite> <!-- Suite -->
</testng-results>
