<?xml version="1.0" encoding="UTF-8"?>
<testng-results ignored="0" total="1" passed="1" failed="0" skipped="0">
  <reporter-output>
  </reporter-output>
  <suite started-at="2021-07-22T07:30:26Z" name="Suite" finished-at="2021-07-22T07:30:54Z" duration-ms="27553">
    <groups>
    </groups>
    <test started-at="2021-07-22T07:30:26Z" name="Test" finished-at="2021-07-22T07:30:54Z" duration-ms="27553">
      <class name="com.Flipkart.Runner.FlipkartMobileRunner">
        <test-method is-config="true" signature="setUp()[pri:0, instance:com.Flipkart.Runner.FlipkartMobileRunner@229d10bd]" started-at="2021-07-22T07:30:26Z" name="setUp" finished-at="2021-07-22T07:30:27Z" duration-ms="651" status="PASS">
          <reporter-output>
          </reporter-output>
        </test-method> <!-- setUp -->
        <test-method signature="features(cucumber.api.testng.CucumberFeatureWrapper)[pri:0, instance:com.Flipkart.Runner.FlipkartMobileRunner@229d10bd]" started-at="2021-07-22T07:30:27Z" name="features" data-provider="features" finished-at="2021-07-22T07:30:54Z" duration-ms="26518" status="PASS">
          <params>
            <param index="0">
              <value>
                <![CDATA[Mobile Price validation]]>
              </value>
            </param>
          </params>
          <reporter-output>
          </reporter-output>
        </test-method> <!-- features -->
        <test-method is-config="true" signature="tearDownClass()[pri:0, instance:com.Flipkart.Runner.FlipkartMobileRunner@229d10bd]" started-at="2021-07-22T07:30:54Z" name="tearDownClass" finished-at="2021-07-22T07:30:54Z" duration-ms="56" status="PASS">
          <reporter-output>
          </reporter-output>
        </test-method> <!-- tearDownClass -->
      </class> <!-- com.Flipkart.Runner.FlipkartMobileRunner -->
    </test> <!-- Test -->
  </suite> <!-- Suite -->
</testng-results>
